<?xml version="1.0" encoding="utf-8"?><testsuites name="pytest tests"><testsuite name="pytest" errors="0" failures="0" skipped="0" tests="29" time="11.467" timestamp="2026-09-20T17:05:21.878099+08:00" hostname="DESKTOP-3P9I9BK"><testcase classname="tests.test_email_auth" name="test_register_with_username_only" time="0.827" /><testcase classname="tests.test_email_auth" name="test_two_accounts_without_email_can_coexist" time="0.750" /><testcase classname="tests.test_email_auth" name="test_register_with_email_binds_both_identifiers" time="1.399" /><testcase classname="tests.test_email_auth" name="test_register_rejects_duplicate_username" time="0.409" /><testcase classname="tests.test_email_auth" name="test_register_requires_code_only_when_email_given" time="0.755" /><testcase classname="tests.test_email_auth" name="test_register_rejects_invalid_account_name" time="0.413" /><testcase classname="tests.test_email_auth" name="test_register_rejects_invalid_email" time="0.067" /><testcase classname="tests.test_email_auth" name="test_legacy_username_blocks_same_string_as_email" time="0.078" /><testcase classname="tests.test_email_auth" name="test_binding_email_that_matches_other_account_username_is_rejected" time="0.082" /><testcase classname="tests.test_email_auth" name="test_login_is_ambiguous_when_identifier_matches_two_rows" time="0.074" /><testcase classname="tests.test_email_auth" name="test_login_by_bound_email_of_differently_named_account" time="0.737" /><testcase classname="tests.test_email_auth" name="test_login_wrong_password_and_unknown_account" time="0.725" /><testcase classname="tests.test_email_auth" name="test_code_login_creates_passwordless_account" time="0.090" /><testcase classname="tests.test_email_auth" name="test_code_login_derives_local_part_with_suffix_on_conflict" time="0.416" /><testcase classname="tests.test_email_auth" name="test_code_login_sanitizes_illegal_chars_in_local_part" time="0.083" /><testcase classname="tests.test_email_auth" name="test_code_login_finds_account_by_bound_email" time="0.419" /><testcase classname="tests.test_email_auth" name="test_code_login_rejects_wrong_code" time="0.073" /><testcase classname="tests.test_email_auth" name="test_code_is_consumed_after_success" time="0.083" /><testcase classname="tests.test_email_auth" name="test_code_scene_isolation" time="0.418" /><testcase classname="tests.test_email_auth" name="test_brute_force_invalidates_code" time="0.089" /><testcase classname="tests.test_email_auth" name="test_code_login_rejected_for_disabled_account" time="0.080" /><testcase classname="tests.test_email_auth" name="test_send_code_is_rate_limited" time="0.075" /><testcase classname="tests.test_email_auth" name="test_send_reset_code_requires_existing_account" time="0.068" /><testcase classname="tests.test_email_auth" name="test_send_login_code_rejects_non_email" time="0.062" /><testcase classname="tests.test_email_auth" name="test_reset_password_flow_with_email" time="1.403" /><testcase classname="tests.test_email_auth" name="test_reset_password_can_be_started_with_username" time="0.753" /><testcase classname="tests.test_email_auth" name="test_reset_password_requires_bound_email" time="0.071" /><testcase classname="tests.test_email_auth" name="test_refresh_token_issues_new_valid_token" time="0.403" /><testcase classname="tests.test_email_auth" name="test_refresh_rejects_expired_token" time="0.395" /></testsuite></testsuites>